13:43:08: Creating resource group General
13:43:08: Creating resource group Internal
13:43:08: Creating resource group Autodetect
13:43:08: Registering ResourceManager for type Mesh
13:43:08: Registering ResourceManager for type Material
13:43:08: Registering ResourceManager for type Skeleton
13:43:08: XMLMeshSerializer reading mesh data from /Users/james/chess/chess/media/models/TowerA01.mesh.xml...
13:43:08: Reading geometry...
13:43:08: Geometry done...
13:43:08: Reading submeshes...
13:43:08: Submeshes done.
13:43:08: Reading mesh names...
13:43:08: Mesh names done.
13:43:08: XMLMeshSerializer import successful.
13:43:08: Reorganising vertex buffers to automatic layout...
13:43:08: MeshSerializer writing mesh data to stream ...
13:43:08: File header written.
13:43:08: Writing mesh data...
13:43:08: Writing submesh...
13:43:08: Exporting submesh texture aliases...
13:43:08: Submesh texture aliases exported.
13:43:08: Submesh exported.
13:43:08: Exporting bounds information....
13:43:08: Bounds information exported.
13:43:08: Exporting submesh name table...
13:43:08: Submesh name table exported.
13:43:08: Exporting edge lists...
13:43:08: Edge lists exported
13:43:08: Mesh data exported.
13:43:08: MeshSerializer export successful.
13:43:08: Unregistering ResourceManager for type Skeleton
13:43:08: Unregistering ResourceManager for type Material
13:43:08: Unregistering ResourceManager for type Mesh
