10:21:41: Creating resource group General
10:21:41: Creating resource group Internal
10:21:41: Creating resource group Autodetect
10:21:41: Registering ResourceManager for type Mesh
10:21:41: Registering ResourceManager for type Material
10:21:41: Registering ResourceManager for type Skeleton
10:21:42: XMLMeshSerializer reading mesh data from /Users/james/chess/chess/media/models/rook.mesh.xml...
10:21:42: Reading geometry...
10:21:43: Geometry done...
10:21:43: Reading submeshes...
10:21:43: Submeshes done.
10:21:43: Reading mesh names...
10:21:43: Mesh names done.
10:21:43: XMLMeshSerializer import successful.
10:21:43: Reorganising vertex buffers to automatic layout...
10:21:43: MeshSerializer writing mesh data to stream ...
10:21:43: File header written.
10:21:43: Writing mesh data...
10:21:43: Writing submesh...
10:21:43: Exporting submesh texture aliases...
10:21:43: Submesh texture aliases exported.
10:21:43: Submesh exported.
10:21:43: Exporting bounds information....
10:21:43: Bounds information exported.
10:21:43: Exporting submesh name table...
10:21:43: Submesh name table exported.
10:21:43: Exporting edge lists...
10:21:44: Edge lists exported
10:21:44: Mesh data exported.
10:21:44: MeshSerializer export successful.
10:21:44: Unregistering ResourceManager for type Skeleton
10:21:44: Unregistering ResourceManager for type Material
10:21:44: Unregistering ResourceManager for type Mesh
